<?xml version="1.0" encoding="UTF-8"?>
<!-- Generated by org.testng.reporters.JUnitReportReporter -->
<testsuite hostname="IN-122P5Y2" failures="0" tests="1" name="tests.Test02_Get" time="1.241" errors="0" timestamp="2022-04-02T19:14:16 IST" skipped="0">
  <testcase classname="tests.Test02_Get" name="test_01" time="1.241"/>
  <system-out/>
</testsuite> <!-- tests.Test02_Get -->
