<?xml version="1.0" encoding="UTF-8"?>
<!-- Generated by org.testng.reporters.JUnitReportReporter -->
<testsuite hostname="DESKTOP-493EAAE" failures="0" tests="1" name="tests.Test04_POST" time="0.608" errors="0" timestamp="2022-04-21T10:01:07 IST" skipped="0">
  <testcase classname="tests.Test04_POST" name="Test04" time="0.608"/>
  <system-out/>
</testsuite> <!-- tests.Test04_POST -->
