<?xml version="1.0" encoding="UTF-8"?>
<!-- Generated by org.testng.reporters.JUnitReportReporter -->
<testsuite hostname="DESKTOP-493EAAE" failures="0" tests="3" name="tests.Test01_GET" time="7.168" errors="0" timestamp="2022-04-21T10:01:07 IST" skipped="0">
  <testcase classname="tests.Test01_GET" name="test02" time="0.826"/>
  <system-out/>
  <testcase classname="tests.Test01_GET" name="test01" time="2.538"/>
  <system-out/>
  <testcase classname="tests.Test01_GET" name="test03" time="3.804"/>
  <system-out/>
</testsuite> <!-- tests.Test01_GET -->
