<?xml version="1.0" encoding="UTF-8"?>
<!-- Generated by org.testng.reporters.JUnitReportReporter -->
<testsuite hostname="DESKTOP-493EAAE" failures="0" tests="4" name="tests.Test02_POST" time="2.521" errors="0" timestamp="2022-04-21T10:01:07 IST" skipped="0">
  <testcase classname="tests.Test02_POST" name="test03_patch" time="0.611"/>
  <system-out/>
  <testcase classname="tests.Test02_POST" name="test01_post" time="0.681"/>
  <system-out/>
  <testcase classname="tests.Test02_POST" name="test02_put" time="0.617"/>
  <system-out/>
  <testcase classname="tests.Test02_POST" name="test04_patch" time="0.612"/>
  <system-out/>
</testsuite> <!-- tests.Test02_POST -->
