<?xml version="1.0" encoding="UTF-8"?>
<!-- Generated by org.testng.reporters.JUnitReportReporter -->
<testsuite hostname="DESKTOP-493EAAE" failures="0" tests="1" name="tests.Test02_Get" time="2.278" errors="0" timestamp="2022-04-21T09:46:34 IST" skipped="0">
  <testcase classname="tests.Test02_Get" name="test_01" time="2.278"/>
  <system-out/>
</testsuite> <!-- tests.Test02_Get -->
