<?xml version="1.0" encoding="UTF-8"?>
<!-- Generated by org.testng.reporters.JUnitReportReporter -->
<testsuite hostname="DESKTOP-493EAAE" failures="0" tests="1" name="tests.Test02_Get" time="1.722" errors="0" timestamp="2022-04-14T19:31:43 IST" skipped="0">
  <testcase classname="tests.Test02_Get" name="test_01" time="1.722"/>
  <system-out/>
</testsuite> <!-- tests.Test02_Get -->
