<?xml version="1.0" encoding="UTF-8"?>
<!-- Generated by org.testng.reporters.JUnitReportReporter -->
<testsuite hostname="DESKTOP-493EAAE" failures="0" tests="3" name="tests.Test01_GET" time="5.359" errors="0" timestamp="2022-04-14T19:31:43 IST" skipped="0">
  <testcase classname="tests.Test01_GET" name="test03" time="1.649"/>
  <system-out/>
  <testcase classname="tests.Test01_GET" name="test02" time="0.692"/>
  <system-out/>
  <testcase classname="tests.Test01_GET" name="test01" time="3.018"/>
  <system-out/>
</testsuite> <!-- tests.Test01_GET -->
