<?xml version="1.0" encoding="UTF-8"?>
<!-- Generated by org.testng.reporters.JUnitReportReporter -->
<testsuite hostname="DESKTOP-493EAAE" failures="0" tests="3" name="tests.Test01_GET" time="10.670" errors="0" timestamp="2022-04-21T09:46:34 IST" skipped="0">
  <testcase classname="tests.Test01_GET" name="test02" time="0.904"/>
  <system-out/>
  <testcase classname="tests.Test01_GET" name="test03" time="3.839"/>
  <system-out/>
  <testcase classname="tests.Test01_GET" name="test01" time="5.927"/>
  <system-out/>
</testsuite> <!-- tests.Test01_GET -->
